  Source.cpp
D:\Рабочий стол\ННГУ_УЧЕБА\Алгоритмы и Структуры данных\Практика (АиСД)\Вектор - Матрица\vector-matrix\vector-matrix\TVector.h(45,44): warning C4018: >=: несоответствие типов со знаком и без знака
D:\Рабочий стол\ННГУ_УЧЕБА\Алгоритмы и Структуры данных\Практика (АиСД)\Вектор - Матрица\vector-matrix\vector-matrix\TVector.h(44): message : во время компиляции функции-члена класс шаблон "T &TVector<T>::operator [](int)"
          with
          [
              T=int
          ]
D:\Рабочий стол\ННГУ_УЧЕБА\Алгоритмы и Структуры данных\Практика (АиСД)\Вектор - Матрица\vector-matrix\vector-matrix\Source.cpp(10): message : выполняется компиляция ссылки на экземпляр шаблон функции "T &TVector<T>::operator [](int)"
          with
          [
              T=int
          ]
D:\Рабочий стол\ННГУ_УЧЕБА\Алгоритмы и Структуры данных\Практика (АиСД)\Вектор - Матрица\vector-matrix\vector-matrix\Source.cpp(10): message : выполняется компиляция ссылки на экземпляр класс шаблон функции "TVector<T>"
          with
          [
              T=int
          ]
D:\Рабочий стол\ННГУ_УЧЕБА\Алгоритмы и Структуры данных\Практика (АиСД)\Вектор - Матрица\vector-matrix\vector-matrix\TMatrix.h(9,24): warning C4018: <: несоответствие типов со знаком и без знака
D:\Рабочий стол\ННГУ_УЧЕБА\Алгоритмы и Структуры данных\Практика (АиСД)\Вектор - Матрица\vector-matrix\vector-matrix\TMatrix.h(8): message : во время компиляции функции-члена класс шаблон "TMatrix<int>::TMatrix(int)"
D:\Рабочий стол\ННГУ_УЧЕБА\Алгоритмы и Структуры данных\Практика (АиСД)\Вектор - Матрица\vector-matrix\vector-matrix\Source.cpp(7): message : выполняется компиляция ссылки на экземпляр шаблон функции "TMatrix<int>::TMatrix(int)"
D:\Рабочий стол\ННГУ_УЧЕБА\Алгоритмы и Структуры данных\Практика (АиСД)\Вектор - Матрица\vector-matrix\vector-matrix\Source.cpp(7): message : выполняется компиляция ссылки на экземпляр класс шаблон функции "TMatrix<int>"
D:\Рабочий стол\ННГУ_УЧЕБА\Алгоритмы и Структуры данных\Практика (АиСД)\Вектор - Матрица\vector-matrix\vector-matrix\TVector.h(80,21): warning C4018: <: несоответствие типов со знаком и без знака
D:\Рабочий стол\ННГУ_УЧЕБА\Алгоритмы и Структуры данных\Практика (АиСД)\Вектор - Матрица\vector-matrix\vector-matrix\TVector.h(71): message : во время компиляции функции-члена класс шаблон "TVector<T> &TVector<T>::operator =(const TVector<T> &)"
          with
          [
              T=int
          ]
D:\Рабочий стол\ННГУ_УЧЕБА\Алгоритмы и Структуры данных\Практика (АиСД)\Вектор - Матрица\vector-matrix\vector-matrix\TMatrix.h(40): message : выполняется компиляция ссылки на экземпляр шаблон функции "TVector<T> &TVector<T>::operator =(const TVector<T> &)"
          with
          [
              T=int
          ]
D:\Рабочий стол\ННГУ_УЧЕБА\Алгоритмы и Структуры данных\Практика (АиСД)\Вектор - Матрица\vector-matrix\vector-matrix\TVector.h(23,21): warning C4018: <: несоответствие типов со знаком и без знака
D:\Рабочий стол\ННГУ_УЧЕБА\Алгоритмы и Структуры данных\Практика (АиСД)\Вектор - Матрица\vector-matrix\vector-matrix\TVector.h(19): message : во время компиляции функции-члена класс шаблон "TVector<TVector<T>>::TVector(const TVector<TVector<T>> &)"
          with
          [
              T=int
          ]
D:\Рабочий стол\ННГУ_УЧЕБА\Алгоритмы и Структуры данных\Практика (АиСД)\Вектор - Матрица\vector-matrix\vector-matrix\TMatrix.h(13): message : выполняется компиляция ссылки на экземпляр шаблон функции "TVector<TVector<T>>::TVector(const TVector<TVector<T>> &)"
          with
          [
              T=int
          ]
  vector-matrix.vcxproj -> D:\Рабочий стол\ННГУ_УЧЕБА\Алгоритмы и Структуры данных\Практика (АиСД)\Вектор - Матрица\vector-matrix\Debug\vector-matrix.exe
