  Source.cpp
D:\Рабочий стол\ННГУ_УЧЕБА\Алгоритмы и Структуры данных\Практика (АиСД)\2 сем\Таблица\Table\Table\TTable.h(48,22): warning C4018: <: несоответствие типов со знаком и без знака
D:\Рабочий стол\ННГУ_УЧЕБА\Алгоритмы и Структуры данных\Практика (АиСД)\2 сем\Таблица\Table\Table\TArrayTable.h(23,21): warning C4018: <: несоответствие типов со знаком и без знака
D:\Рабочий стол\ННГУ_УЧЕБА\Алгоритмы и Структуры данных\Практика (АиСД)\2 сем\Таблица\Table\Table\TArrayTable.h(29,21): warning C4018: <: несоответствие типов со знаком и без знака
D:\Рабочий стол\ННГУ_УЧЕБА\Алгоритмы и Структуры данных\Практика (АиСД)\2 сем\Таблица\Table\Table\TArrayTable.h(115,22): warning C4018: >: несоответствие типов со знаком и без знака
D:\Рабочий стол\ННГУ_УЧЕБА\Алгоритмы и Структуры данных\Практика (АиСД)\2 сем\Таблица\Table\Table\TScanTable.h(13,17): warning C4018: <: несоответствие типов со знаком и без знака
D:\Рабочий стол\ННГУ_УЧЕБА\Алгоритмы и Структуры данных\Практика (АиСД)\2 сем\Таблица\Table\Table\TScanTable.h(19,9): warning C4018: <: несоответствие типов со знаком и без знака
D:\Рабочий стол\ННГУ_УЧЕБА\Алгоритмы и Структуры данных\Практика (АиСД)\2 сем\Таблица\Table\Table\TScanTable.h(48,27): warning C4018: <: несоответствие типов со знаком и без знака
D:\Рабочий стол\ННГУ_УЧЕБА\Алгоритмы и Структуры данных\Практика (АиСД)\2 сем\Таблица\Table\Table\TWordStruct.h(2,1): warning C4005: SIZE: изменение макроопределения
D:\Рабочий стол\ННГУ_УЧЕБА\Алгоритмы и Структуры данных\Практика (АиСД)\2 сем\Таблица\Table\Table\TScanTable.h(2): message : см. предыдущее определение "SIZE"
D:\Рабочий стол\ННГУ_УЧЕБА\Алгоритмы и Структуры данных\Практика (АиСД)\2 сем\Таблица\Table\Table\TSortTable.h(2,1): warning C4005: SIZE: изменение макроопределения
D:\Рабочий стол\ННГУ_УЧЕБА\Алгоритмы и Структуры данных\Практика (АиСД)\2 сем\Таблица\Table\Table\TWordStruct.h(2): message : см. предыдущее определение "SIZE"
D:\Рабочий стол\ННГУ_УЧЕБА\Алгоритмы и Структуры данных\Практика (АиСД)\2 сем\Таблица\Table\Table\TSortTable.h(66,15): warning C4101: curElem: неиспользованная локальная переменная
D:\Рабочий стол\ННГУ_УЧЕБА\Алгоритмы и Структуры данных\Практика (АиСД)\2 сем\Таблица\Table\Table\TSortTable.h(90,1): warning C4554: ">>": проверьте приоритет операторов на ошибки; для уточнения приоритета используйте скобки
D:\Рабочий стол\ННГУ_УЧЕБА\Алгоритмы и Структуры данных\Практика (АиСД)\2 сем\Таблица\Table\Table\TSortTable.h(155,22): warning C4018: <: несоответствие типов со знаком и без знака
D:\Рабочий стол\ННГУ_УЧЕБА\Алгоритмы и Структуры данных\Практика (АиСД)\2 сем\Таблица\Table\Table\TSortTable.h(166,21): warning C4018: <: несоответствие типов со знаком и без знака
D:\Рабочий стол\ННГУ_УЧЕБА\Алгоритмы и Структуры данных\Практика (АиСД)\2 сем\Таблица\Table\Table\TSortTable.h(222,12): warning C4018: <: несоответствие типов со знаком и без знака
D:\Рабочий стол\ННГУ_УЧЕБА\Алгоритмы и Структуры данных\Практика (АиСД)\2 сем\Таблица\Table\Table\TSortTable.h(242,31): warning C4018: >: несоответствие типов со знаком и без знака
D:\Рабочий стол\ННГУ_УЧЕБА\Алгоритмы и Структуры данных\Практика (АиСД)\2 сем\Таблица\Table\Table\TSortTable.h(256,27): warning C4018: <: несоответствие типов со знаком и без знака
D:\Рабочий стол\ННГУ_УЧЕБА\Алгоритмы и Структуры данных\Практика (АиСД)\2 сем\Таблица\Table\Table\FileReader.h(60,16): warning C4101: tws: неиспользованная локальная переменная
D:\Рабочий стол\ННГУ_УЧЕБА\Алгоритмы и Структуры данных\Практика (АиСД)\2 сем\Таблица\Table\Table\THashTable.h(3,1): warning C4005: SIZE: изменение макроопределения
D:\Рабочий стол\ННГУ_УЧЕБА\Алгоритмы и Структуры данных\Практика (АиСД)\2 сем\Таблица\Table\Table\TSortTable.h(2): message : см. предыдущее определение "SIZE"
D:\Рабочий стол\ННГУ_УЧЕБА\Алгоритмы и Структуры данных\Практика (АиСД)\2 сем\Таблица\Table\Table\THashTable.h(30,21): warning C4018: <: несоответствие типов со знаком и без знака
D:\Рабочий стол\ННГУ_УЧЕБА\Алгоритмы и Структуры данных\Практика (АиСД)\2 сем\Таблица\Table\Table\TArrayHashTable.h(22,21): warning C4018: <: несоответствие типов со знаком и без знака
D:\Рабочий стол\ННГУ_УЧЕБА\Алгоритмы и Структуры данных\Практика (АиСД)\2 сем\Таблица\Table\Table\TArrayHashTable.h(32,21): warning C4018: <: несоответствие типов со знаком и без знака
D:\Рабочий стол\ННГУ_УЧЕБА\Алгоритмы и Структуры данных\Практика (АиСД)\2 сем\Таблица\Table\Table\TArrayHashTable.h(54,21): warning C4018: <: несоответствие типов со знаком и без знака
D:\Рабочий стол\ННГУ_УЧЕБА\Алгоритмы и Структуры данных\Практика (АиСД)\2 сем\Таблица\Table\Table\TListHashTable.h(16,21): warning C4018: <: несоответствие типов со знаком и без знака
  TArrayHashTable.cpp
D:\Рабочий стол\ННГУ_УЧЕБА\Алгоритмы и Структуры данных\Практика (АиСД)\2 сем\Таблица\Table\Table\TTable.h(48,22): warning C4018: <: несоответствие типов со знаком и без знака
D:\Рабочий стол\ННГУ_УЧЕБА\Алгоритмы и Структуры данных\Практика (АиСД)\2 сем\Таблица\Table\Table\THashTable.h(30,21): warning C4018: <: несоответствие типов со знаком и без знака
D:\Рабочий стол\ННГУ_УЧЕБА\Алгоритмы и Структуры данных\Практика (АиСД)\2 сем\Таблица\Table\Table\TArrayHashTable.h(22,21): warning C4018: <: несоответствие типов со знаком и без знака
D:\Рабочий стол\ННГУ_УЧЕБА\Алгоритмы и Структуры данных\Практика (АиСД)\2 сем\Таблица\Table\Table\TArrayHashTable.h(32,21): warning C4018: <: несоответствие типов со знаком и без знака
D:\Рабочий стол\ННГУ_УЧЕБА\Алгоритмы и Структуры данных\Практика (АиСД)\2 сем\Таблица\Table\Table\TArrayHashTable.h(54,21): warning C4018: <: несоответствие типов со знаком и без знака
  THashTable.cpp
D:\Рабочий стол\ННГУ_УЧЕБА\Алгоритмы и Структуры данных\Практика (АиСД)\2 сем\Таблица\Table\Table\TTable.h(48,22): warning C4018: <: несоответствие типов со знаком и без знака
D:\Рабочий стол\ННГУ_УЧЕБА\Алгоритмы и Структуры данных\Практика (АиСД)\2 сем\Таблица\Table\Table\THashTable.h(30,21): warning C4018: <: несоответствие типов со знаком и без знака
  TListHashTable.cpp
D:\Рабочий стол\ННГУ_УЧЕБА\Алгоритмы и Структуры данных\Практика (АиСД)\2 сем\Таблица\Table\Table\TTable.h(48,22): warning C4018: <: несоответствие типов со знаком и без знака
D:\Рабочий стол\ННГУ_УЧЕБА\Алгоритмы и Структуры данных\Практика (АиСД)\2 сем\Таблица\Table\Table\THashTable.h(30,21): warning C4018: <: несоответствие типов со знаком и без знака
D:\Рабочий стол\ННГУ_УЧЕБА\Алгоритмы и Структуры данных\Практика (АиСД)\2 сем\Таблица\Table\Table\TListHashTable.h(16,21): warning C4018: <: несоответствие типов со знаком и без знака
  Создание кода...
  Table.vcxproj -> D:\Рабочий стол\ННГУ_УЧЕБА\Алгоритмы и Структуры данных\Практика (АиСД)\2 сем\Таблица\Table\Debug\Table.exe
